# JRE version: OpenJDK Runtime Environment (17.0.11) (build 17.0.11+0--11852314)
# Java VM: OpenJDK 64-Bit Server VM (17.0.11+0--11852314, mixed mode, tiered, compressed oops, compressed class ptrs, g1 gc, windows-amd64)
GC Precious Log:
 CPUs: 8 total, 8 available
 Memory: 7915M
 Large Page Support: Disabled
 NUMA Support: Disabled
 Compressed Oops: Enabled (32-bit)
 Heap Region Size: 1M
 Heap Min Capacity: 8M
 Heap Initial Capacity: 124M
 Heap Max Capacity: 2G
 Pre-touch: Disabled
 Parallel Workers: 8
 Concurrent Workers: 2
 Concurrent Refinement Workers: 8
 Periodic GC: Disabled
Heap:
 garbage-first heap   total 98304K, used 70940K [0x0000000080000000, 0x0000000100000000)
  region size 1024K, 19 young (19456K), 2 survivors (2048K)
 Metaspace       used 50665K, committed 51072K, reserved 1114112K
  class space    used 6723K, committed 6912K, reserved 1048576K
GC Heap History (20 events):
Event: 47.630 GC heap before
{Heap before GC invocations=5 (full 0):
 garbage-first heap   total 71680K, used 53656K [0x0000000080000000, 0x0000000100000000)
  region size 1024K, 31 young (31744K), 3 survivors (3072K)
 Metaspace       used 30267K, committed 30592K, reserved 1114112K
  class space    used 4064K, committed 4224K, reserved 1048576K
}
Event: 47.655 GC heap after
{Heap after GC invocations=6 (full 0):
 garbage-first heap   total 71680K, used 27476K [0x0000000080000000, 0x0000000100000000)
  region size 1024K, 4 young (4096K), 4 survivors (4096K)
 Metaspace       used 30267K, committed 30592K, reserved 1114112K
  class space    used 4064K, committed 4224K, reserved 1048576K
}
Event: 48.980 GC heap before
{Heap before GC invocations=6 (full 0):
 garbage-first heap   total 71680K, used 59220K [0x0000000080000000, 0x0000000100000000)
  region size 1024K, 29 young (29696K), 4 survivors (4096K)
 Metaspace       used 33214K, committed 33600K, reserved 1114112K
  class space    used 4543K, committed 4672K, reserved 1048576K
}
Event: 48.988 GC heap after
{Heap after GC invocations=7 (full 0):
 garbage-first heap   total 71680K, used 38994K [0x0000000080000000, 0x0000000100000000)
  region size 1024K, 4 young (4096K), 4 survivors (4096K)
 Metaspace       used 33214K, committed 33600K, reserved 1114112K
  class space    used 4543K, committed 4672K, reserved 1048576K
}
Event: 49.226 GC heap before
{Heap before GC invocations=7 (full 0):
 garbage-first heap   total 71680K, used 57426K [0x0000000080000000, 0x0000000100000000)
  region size 1024K, 22 young (22528K), 4 survivors (4096K)
 Metaspace       used 35509K, committed 35840K, reserved 1114112K
  class space    used 4917K, committed 5056K, reserved 1048576K
}
Event: 49.235 GC heap after
{Heap after GC invocations=8 (full 0):
 garbage-first heap   total 71680K, used 40042K [0x0000000080000000, 0x0000000100000000)
  region size 1024K, 1 young (1024K), 1 survivors (1024K)
 Metaspace       used 35509K, committed 35840K, reserved 1114112K
  class space    used 4917K, committed 5056K, reserved 1048576K
}
Event: 49.469 GC heap before
{Heap before GC invocations=9 (full 0):
 garbage-first heap   total 71680K, used 57450K [0x0000000080000000, 0x0000000100000000)
  region size 1024K, 19 young (19456K), 1 survivors (1024K)
 Metaspace       used 38931K, committed 39360K, reserved 1114112K
  class space    used 5300K, committed 5504K, reserved 1048576K
}
Event: 49.471 GC heap after
{Heap after GC invocations=10 (full 0):
 garbage-first heap   total 71680K, used 41794K [0x0000000080000000, 0x0000000100000000)
  region size 1024K, 3 young (3072K), 3 survivors (3072K)
 Metaspace       used 38931K, committed 39360K, reserved 1114112K
  class space    used 5300K, committed 5504K, reserved 1048576K
}
Event: 49.553 GC heap before
{Heap before GC invocations=11 (full 0):
 garbage-first heap   total 73728K, used 56130K [0x0000000080000000, 0x0000000100000000)
  region size 1024K, 18 young (18432K), 3 survivors (3072K)
 Metaspace       used 39212K, committed 39552K, reserved 1114112K
  class space    used 5323K, committed 5504K, reserved 1048576K
}
Event: 49.556 GC heap after
{Heap after GC invocations=12 (full 0):
 garbage-first heap   total 73728K, used 43307K [0x0000000080000000, 0x0000000100000000)
  region size 1024K, 3 young (3072K), 3 survivors (3072K)
 Metaspace       used 39212K, committed 39552K, reserved 1114112K
  class space    used 5323K, committed 5504K, reserved 1048576K
}
Event: 49.691 GC heap before
{Heap before GC invocations=12 (full 0):
 garbage-first heap   total 73728K, used 56619K [0x0000000080000000, 0x0000000100000000)
  region size 1024K, 17 young (17408K), 3 survivors (3072K)
 Metaspace       used 41421K, committed 41728K, reserved 1114112K
  class space    used 5739K, committed 5888K, reserved 1048576K
}
Event: 49.693 GC heap after
{Heap after GC invocations=13 (full 0):
 garbage-first heap   total 73728K, used 43827K [0x0000000080000000, 0x0000000100000000)
  region size 1024K, 2 young (2048K), 2 survivors (2048K)
 Metaspace       used 41421K, committed 41728K, reserved 1114112K
  class space    used 5739K, committed 5888K, reserved 1048576K
}
Event: 49.964 GC heap before
{Heap before GC invocations=14 (full 0):
 garbage-first heap   total 78848K, used 57139K [0x0000000080000000, 0x0000000100000000)
  region size 1024K, 16 young (16384K), 2 survivors (2048K)
 Metaspace       used 43167K, committed 43584K, reserved 1114112K
  class space    used 5924K, committed 6144K, reserved 1048576K
}
Event: 49.966 GC heap after
{Heap after GC invocations=15 (full 0):
 garbage-first heap   total 78848K, used 44398K [0x0000000080000000, 0x0000000100000000)
  region size 1024K, 1 young (1024K), 1 survivors (1024K)
 Metaspace       used 43167K, committed 43584K, reserved 1114112K
  class space    used 5924K, committed 6144K, reserved 1048576K
}
Event: 50.214 GC heap before
{Heap before GC invocations=15 (full 0):
 garbage-first heap   total 78848K, used 62830K [0x0000000080000000, 0x0000000100000000)
  region size 1024K, 19 young (19456K), 1 survivors (1024K)
 Metaspace       used 45980K, committed 46400K, reserved 1114112K
  class space    used 6253K, committed 6400K, reserved 1048576K
}
Event: 50.216 GC heap after
{Heap after GC invocations=16 (full 0):
 garbage-first heap   total 78848K, used 46561K [0x0000000080000000, 0x0000000100000000)
  region size 1024K, 3 young (3072K), 3 survivors (3072K)
 Metaspace       used 45980K, committed 46400K, reserved 1114112K
  class space    used 6253K, committed 6400K, reserved 1048576K
}
Event: 50.539 GC heap before
{Heap before GC invocations=17 (full 0):
 garbage-first heap   total 81920K, used 62945K [0x0000000080000000, 0x0000000100000000)
  region size 1024K, 19 young (19456K), 3 survivors (3072K)
 Metaspace       used 49539K, committed 49920K, reserved 1114112K
  class space    used 6664K, committed 6848K, reserved 1048576K
}
Event: 50.543 GC heap after
{Heap after GC invocations=18 (full 0):
 garbage-first heap   total 81920K, used 48352K [0x0000000080000000, 0x0000000100000000)
  region size 1024K, 2 young (2048K), 2 survivors (2048K)
 Metaspace       used 49539K, committed 49920K, reserved 1114112K
  class space    used 6664K, committed 6848K, reserved 1048576K
}
Event: 50.562 GC heap before
{Heap before GC invocations=18 (full 0):
 garbage-first heap   total 81920K, used 49376K [0x0000000080000000, 0x0000000100000000)
  region size 1024K, 5 young (5120K), 2 survivors (2048K)
 Metaspace       used 49655K, committed 50048K, reserved 1114112K
  class space    used 6673K, committed 6848K, reserved 1048576K
}
Event: 50.565 GC heap after
{Heap after GC invocations=19 (full 0):
 garbage-first heap   total 98304K, used 49436K [0x0000000080000000, 0x0000000100000000)
  region size 1024K, 2 young (2048K), 2 survivors (2048K)
 Metaspace       used 49655K, committed 50048K, reserved 1114112K
  class space    used 6673K, committed 6848K, reserved 1048576K
}

